{
  "RSpec": {
    "coverage": {
      "/home/erickxse/visual/tareas_crud/app/helpers/application_helper.rb": {
        "lines": [
          1,
          null
        ]
      },
      "/home/erickxse/visual/tareas_crud/app/helpers/tareas_helper.rb": {
        "lines": [
          1,
          null
        ]
      },
      "/home/erickxse/visual/tareas_crud/app/models/tarea.rb": {
        "lines": [
          1,
          1,
          1,
          1,
          null
        ]
      },
      "/home/erickxse/visual/tareas_crud/app/models/application_record.rb": {
        "lines": [
          1,
          1,
          null
        ]
      },
      "/home/erickxse/visual/tareas_crud/app/controllers/application_controller.rb": {
        "lines": [
          0,
          null,
          0,
          0
        ],
        "branches": {}
      },
      "/home/erickxse/visual/tareas_crud/app/controllers/tareas_controller.rb": {
        "lines": [
          0,
          0,
          null,
          null,
          0,
          0,
          0,
          null,
          null,
          0,
          0,
          null,
          null,
          0,
          0,
          0,
          null,
          null,
          0,
          0,
          null,
          null,
          0,
          0,
          null,
          0,
          0,
          0,
          0,
          0,
          0,
          0,
          0,
          0,
          0,
          null,
          null,
          0,
          0,
          0,
          0,
          0,
          0,
          0,
          0,
          0,
          0,
          0,
          null,
          null,
          0,
          0,
          null,
          0,
          0,
          0,
          0,
          0,
          null,
          0,
          null,
          0,
          0,
          0,
          null,
          null,
          0,
          0,
          0,
          0
        ],
        "branches": {}
      },
      "/home/erickxse/visual/tareas_crud/app/jobs/application_job.rb": {
        "lines": [
          0,
          null,
          null,
          null,
          null,
          null,
          0
        ],
        "branches": {}
      },
      "/home/erickxse/visual/tareas_crud/app/mailers/application_mailer.rb": {
        "lines": [
          0,
          0,
          0,
          0
        ],
        "branches": {}
      }
    },
    "timestamp": 1746630921
  }
}
